<?xml version="1.0" encoding="UTF-8"?>
<!-- Generated by org.testng.reporters.JUnitXMLReporter -->
<testsuite ignored="0" hostname="LAPTOP-DGKS0RJA" failures="0" tests="15" name="Surefire test" time="2.533" errors="0" timestamp="2021-09-30T14:59:30 IST">
  <testcase classname="com.AutomationAsginmnt.Apps.NotesTest" name="@BeforeTest launchApp" time="2.484">
    <failure type="java.lang.Exception" message="Exception occured in getMobileDriver">
      <![CDATA[java.lang.Exception: Exception occured in getMobileDriver
at com.AutomationAsignment.utility.DefaultDriverManager.getMobileDriver(DefaultDriverManager.java:87)
at com.AutomationAsginmnt.Apps.NotesTest.launchApp(NotesTest.java:30)
... Removed 28 stack frames]]>
    </failure>
  </testcase> <!-- @BeforeTest launchApp -->
  <testcase classname="com.AutomationAsignment.utility.TestClassUtil" name="@AfterMethod getResult" time="-1.632994170515E9">
    <skipped/>
  </testcase> <!-- @AfterMethod getResult -->
  <testcase classname="com.AutomationAsignment.utility.TestClassUtil" name="@AfterMethod getResult" time="-1.632994170518E9">
    <skipped/>
  </testcase> <!-- @AfterMethod getResult -->
  <testcase classname="com.AutomationAsignment.utility.TestClassUtil" name="@AfterMethod getResult" time="-1.632994170518E9">
    <skipped/>
  </testcase> <!-- @AfterMethod getResult -->
  <testcase classname="com.AutomationAsignment.utility.TestClassUtil" name="@AfterMethod getResult" time="-1.632994170519E9">
    <skipped/>
  </testcase> <!-- @AfterMethod getResult -->
  <testcase classname="com.AutomationAsignment.utility.TestClassUtil" name="@AfterMethod getResult" time="-1.63299417052E9">
    <skipped/>
  </testcase> <!-- @AfterMethod getResult -->
  <testcase classname="com.AutomationAsignment.utility.TestClassUtil" name="@AfterMethod getResult" time="-1.632994170521E9">
    <skipped/>
  </testcase> <!-- @AfterMethod getResult -->
  <testcase classname="com.AutomationAsignment.utility.TestClassUtil" name="@AfterMethod getResult" time="-1.632994170522E9">
    <skipped/>
  </testcase> <!-- @AfterMethod getResult -->
  <testcase classname="com.AutomationAsignment.utility.TestClassUtil" name="@AfterMethod getResult" time="-1.632994170523E9">
    <skipped/>
  </testcase> <!-- @AfterMethod getResult -->
  <testcase classname="com.AutomationAsignment.utility.TestClassUtil" name="@AfterMethod getResult" time="-1.632994170523E9">
    <skipped/>
  </testcase> <!-- @AfterMethod getResult -->
  <testcase classname="com.AutomationAsignment.utility.TestClassUtil" name="@AfterMethod getResult" time="-1.632994170524E9">
    <skipped/>
  </testcase> <!-- @AfterMethod getResult -->
  <testcase classname="com.AutomationAsignment.utility.TestClassUtil" name="@AfterMethod getResult" time="-1.632994170525E9">
    <skipped/>
  </testcase> <!-- @AfterMethod getResult -->
  <testcase classname="com.AutomationAsignment.utility.TestClassUtil" name="@AfterMethod getResult" time="-1.632994170526E9">
    <skipped/>
  </testcase> <!-- @AfterMethod getResult -->
  <testcase classname="com.AutomationAsignment.utility.TestClassUtil" name="@AfterMethod getResult" time="-1.632994170527E9">
    <skipped/>
  </testcase> <!-- @AfterMethod getResult -->
  <testcase classname="com.AutomationAsignment.utility.TestClassUtil" name="@AfterMethod getResult" time="-1.632994170528E9">
    <skipped/>
  </testcase> <!-- @AfterMethod getResult -->
  <testcase classname="com.AutomationAsignment.utility.TestClassUtil" name="@AfterMethod getResult" time="-1.632994170529E9">
    <skipped/>
  </testcase> <!-- @AfterMethod getResult -->
  <testcase classname="com.AutomationAsginmnt.Apps.NotesTest" name="@AfterTest teardown" time="-1.632994170529E9">
    <skipped/>
  </testcase> <!-- @AfterTest teardown -->
  <testcase classname="com.AutomationAsginmnt.Apps.NotesTest" name="AddTextNotesTest" time="0.0">
    <skipped/>
  </testcase> <!-- AddTextNotesTest -->
  <testcase classname="com.AutomationAsginmnt.Apps.NotesTest" name="EditTextNotesTest" time="0.0">
    <skipped/>
  </testcase> <!-- EditTextNotesTest -->
  <testcase classname="com.AutomationAsginmnt.Apps.NotesTest" name="EditTextNotesSetReminderTest" time="0.0">
    <skipped/>
  </testcase> <!-- EditTextNotesSetReminderTest -->
  <testcase classname="com.AutomationAsginmnt.Apps.NotesTest" name="DeleteReminderTest" time="0.0">
    <skipped/>
  </testcase> <!-- DeleteReminderTest -->
  <testcase classname="com.AutomationAsginmnt.Apps.NotesTest" name="AddImageNotesTest" time="0.0">
    <skipped/>
  </testcase> <!-- AddImageNotesTest -->
  <testcase classname="com.AutomationAsginmnt.Apps.NotesTest" name="EditImageNotesTest" time="0.0">
    <skipped/>
  </testcase> <!-- EditImageNotesTest -->
  <testcase classname="com.AutomationAsginmnt.Apps.NotesTest" name="DeleteImageNotesTest" time="0.0">
    <skipped/>
  </testcase> <!-- DeleteImageNotesTest -->
  <testcase classname="com.AutomationAsginmnt.Apps.NotesTest" name="AddCheckListNotesTest" time="0.0">
    <skipped/>
  </testcase> <!-- AddCheckListNotesTest -->
  <testcase classname="com.AutomationAsginmnt.Apps.NotesTest" name="EditReminderCheckListNotesTest" time="0.0">
    <skipped/>
  </testcase> <!-- EditReminderCheckListNotesTest -->
  <testcase classname="com.AutomationAsginmnt.Apps.NotesTest" name="DeleteReminderCheckListNotesTest" time="0.0">
    <skipped/>
  </testcase> <!-- DeleteReminderCheckListNotesTest -->
  <testcase classname="com.AutomationAsginmnt.Apps.NotesTest" name="ReducedViewNotesTest" time="0.0">
    <skipped/>
  </testcase> <!-- ReducedViewNotesTest -->
  <testcase classname="com.AutomationAsginmnt.Apps.NotesTest" name="ShareNotesTest" time="0.0">
    <skipped/>
  </testcase> <!-- ShareNotesTest -->
  <testcase classname="com.AutomationAsginmnt.Apps.NotesTest" name="TagNotesTest" time="0.0">
    <skipped/>
  </testcase> <!-- TagNotesTest -->
  <testcase classname="com.AutomationAsginmnt.Apps.NotesTest" name="SettingsNotesTest" time="0.0">
    <skipped/>
  </testcase> <!-- SettingsNotesTest -->
  <testcase classname="com.AutomationAsginmnt.Apps.NotesTest" name="TapToCrashNotesTest" time="0.0">
    <skipped/>
  </testcase> <!-- TapToCrashNotesTest -->
</testsuite> <!-- Surefire test -->
