-------------------------------------------------------------------------------
Test set: com.weather.assignment.Weather.WeatherTest
-------------------------------------------------------------------------------
Tests run: 1, Failures: 1, Errors: 0, Skipped: 0, Time elapsed: 37.293 s <<< FAILURE! - in com.weather.assignment.Weather.WeatherTest
tempCompareTest(com.weather.assignment.Weather.WeatherTest)  Time elapsed: 17.354 s  <<< FAILURE!
java.lang.Exception: Error occured in tempratureSearchCityController Index 0 out of bounds for length 0
	at com.weather.assignment.Weather.WeatherTest.tempCompareTest(WeatherTest.java:29)

