<?xml version="1.0" encoding="UTF-8"?>
<testng-results ignored="0" total="1" passed="1" failed="0" skipped="0">
  <reporter-output>
  </reporter-output>
  <suite started-at="2021-08-07T15:49:58 IST" name="Surefire suite" finished-at="2021-08-07T15:50:50 IST" duration-ms="52356">
    <groups>
    </groups>
    <test started-at="2021-08-07T15:49:58 IST" name="Surefire test" finished-at="2021-08-07T15:50:50 IST" duration-ms="52356">
      <class name="com.AutomationAsginmnt.Apps.AutomationPracticeTest">
        <test-method is-config="true" signature="setup()[pri:0, instance:com.AutomationAsginmnt.Apps.AutomationPracticeTest@5204062d]" started-at="2021-08-07T15:49:57 IST" name="setup" finished-at="2021-08-07T15:49:58 IST" duration-ms="392" status="PASS">
          <reporter-output>
          </reporter-output>
        </test-method> <!-- setup -->
        <test-method is-config="true" signature="launchApp()[pri:0, instance:com.AutomationAsginmnt.Apps.AutomationPracticeTest@5204062d]" started-at="2021-08-07T15:49:58 IST" name="launchApp" finished-at="2021-08-07T15:50:06 IST" duration-ms="8656" status="PASS">
          <reporter-output>
          </reporter-output>
        </test-method> <!-- launchApp -->
        <test-method signature="testAutomationPracticeTest()[pri:0, instance:com.AutomationAsginmnt.Apps.AutomationPracticeTest@5204062d]" started-at="2021-08-07T15:50:06 IST" name="testAutomationPracticeTest" finished-at="2021-08-07T15:50:49 IST" duration-ms="43019" status="PASS">
          <reporter-output>
          </reporter-output>
        </test-method> <!-- testAutomationPracticeTest -->
        <test-method is-config="true" signature="getResult(org.testng.ITestResult)[pri:0, instance:com.AutomationAsginmnt.Apps.AutomationPracticeTest@5204062d]" started-at="2021-08-07T15:50:49 IST" name="getResult" finished-at="2021-08-07T15:50:50 IST" duration-ms="461" status="PASS">
          <params>
            <param index="0">
              <value>
                <![CDATA[[TestResult name=testAutomationPracticeTest status=SUCCESS method=AutomationPracticeTest.testAutomationPracticeTest()[pri:0, instance:com.AutomationAsginmnt.Apps.AutomationPracticeTest@5204062d] output={null}]]]>
              </value>
            </param>
          </params>
          <reporter-output>
          </reporter-output>
        </test-method> <!-- getResult -->
        <test-method is-config="true" signature="teardown()[pri:0, instance:com.AutomationAsginmnt.Apps.AutomationPracticeTest@5204062d]" started-at="2021-08-07T15:50:50 IST" name="teardown" finished-at="2021-08-07T15:50:50 IST" duration-ms="148" status="PASS">
          <reporter-output>
          </reporter-output>
        </test-method> <!-- teardown -->
      </class> <!-- com.AutomationAsginmnt.Apps.AutomationPracticeTest -->
    </test> <!-- Surefire test -->
  </suite> <!-- Surefire suite -->
</testng-results>
