<?xml version="1.0" encoding="UTF-8"?>
<testsuite xmlns:xsi="http://www.w3.org/2001/XMLSchema-instance" xsi:noNamespaceSchemaLocation="https://maven.apache.org/surefire/maven-surefire-plugin/xsd/surefire-test-report.xsd" name="com.AutomationAsginmnt.Apps.AutomationPracticeTest" time="4.554" tests="4" errors="0" skipped="3" failures="1">
  <properties>
[...]
</properties>
  <testcase name="launchApp" classname="com.AutomationAsginmnt.Apps.AutomationPracticeTest" time="3.801">
    <failure message="The driver executable does not exist: C:\Users\sulagnajee\Downloads\chromedriver" type="java.lang.IllegalStateException">java.lang.IllegalStateException: The driver executable does not exist: C:\Users\sulagnajee\Downloads\chromedriver
	at com.AutomationAsginmnt.Apps.AutomationPracticeTest.launchApp(AutomationPracticeTest.java:23)
</failure>
  </testcase>
  <testcase name="testAutomationPracticeTest" classname="com.AutomationAsginmnt.Apps.AutomationPracticeTest" time="0">
    <skipped message="The driver executable does not exist: C:\Users\sulagnajee\Downloads\chromedriver"/>
  </testcase>
  <testcase name="getResult" classname="com.AutomationAsginmnt.Apps.AutomationPracticeTest" time="0">
    <skipped/>
  </testcase>
  <testcase name="teardown" classname="com.AutomationAsginmnt.Apps.AutomationPracticeTest" time="0">
    <skipped/>
  </testcase>
</testsuite>